<?xml version="1.0" encoding="UTF-8"?>
<coverage generated="1695697278240" clover="3.2.0">
  <project timestamp="1695697278241" name="All files">
    <metrics statements="8" coveredstatements="8" conditionals="2" coveredconditionals="2" methods="3" coveredmethods="3" elements="13" coveredelements="13" complexity="0" loc="8" ncloc="8" packages="1" files="2" classes="2"/>
    <file name="App.stories.tsx" path="/Users/chenyijia/Documents/mooBiz-FrontEnd/src/pages/App/App.stories.tsx">
      <metrics statements="2" coveredstatements="2" conditionals="0" coveredconditionals="0" methods="0" coveredmethods="0"/>
      <line num="4" count="2" type="stmt"/>
      <line num="12" count="2" type="stmt"/>
    </file>
    <file name="App.tsx" path="/Users/chenyijia/Documents/mooBiz-FrontEnd/src/pages/App/App.tsx">
      <metrics statements="6" coveredstatements="6" conditionals="2" coveredconditionals="2" methods="3" coveredmethods="3"/>
      <line num="3" count="6" type="stmt"/>
      <line num="4" count="6" type="stmt"/>
      <line num="6" count="6" type="stmt"/>
      <line num="12" count="4" type="cond" truecount="2" falsecount="0"/>
      <line num="19" count="2" type="stmt"/>
      <line num="21" count="2" type="stmt"/>
    </file>
  </project>
</coverage>
