{"/Users/chenyijia/Documents/mooBiz-FrontEnd/src/pages/App/App.stories.tsx": {"path":"/Users/chenyijia/Documents/mooBiz-FrontEnd/src/pages/App/App.stories.tsx","statementMap":{"0":{"start":{"line":4,"column":31},"end":{"line":6,"column":null}},"1":{"start":{"line":12,"column":28},"end":{"line":12,"column":null}}},"fnMap":{},"branchMap":{},"s":{"0":2,"1":2},"f":{},"b":{}}
,"/Users/chenyijia/Documents/mooBiz-FrontEnd/src/pages/App/App.tsx": {"path":"/Users/chenyijia/Documents/mooBiz-FrontEnd/src/pages/App/App.tsx","statementMap":{"0":{"start":{"line":3,"column":12},"end":{"line":19,"column":2}},"1":{"start":{"line":3,"column":18},"end":{"line":3,"column":null}},"2":{"start":{"line":4,"column":32},"end":{"line":4,"column":null}},"3":{"start":{"line":6,"column":2},"end":{"line":17,"column":null}},"4":{"start":{"line":12,"column":10},"end":{"line":12,"column":null}},"5":{"start":{"line":12,"column":29},"end":{"line":12,"column":67}},"6":{"start":{"line":19,"column":2},"end":{"line":3,"column":12}},"7":{"start":{"line":3,"column":9},"end":{"line":null,"column":-1}},"8":{"start":{"line":21,"column":19},"end":{"line":21,"column":null}}},"fnMap":{"0":{"name":"(anonymous_1)","decl":{"start":{"line":3,"column":12},"end":{"line":3,"column":18}},"loc":{"start":{"line":3,"column":18},"end":{"line":19,"column":2}}},"1":{"name":"(anonymous_2)","decl":{"start":{"line":11,"column":17},"end":{"line":11,"column":23}},"loc":{"start":{"line":11,"column":23},"end":{"line":13,"column":10}}},"2":{"name":"(anonymous_3)","decl":{"start":{"line":12,"column":22},"end":{"line":12,"column":29}},"loc":{"start":{"line":12,"column":29},"end":{"line":12,"column":67}}}},"branchMap":{"0":{"loc":{"start":{"line":12,"column":29},"end":{"line":12,"column":67}},"type":"cond-expr","locations":[{"start":{"line":12,"column":46},"end":{"line":12,"column":58}},{"start":{"line":12,"column":58},"end":{"line":12,"column":67}}]}},"s":{"0":2,"1":6,"2":6,"3":6,"4":4,"5":4,"6":2,"7":2,"8":2},"f":{"0":6,"1":4,"2":4},"b":{"0":[2,2]}}
}
